<?xml version="1.0" encoding="UTF-8"?>
<Site BuildName="(empty)"
	BuildStamp="20240808-1321-Experimental"
	Name="dC-V14"
	Generator="ctest-3.22.1"
	CompilerName="/usr/bin/g++"
	CompilerVersion="11.4.0"
	OSName="Linux"
	Hostname="dC-V14"
	OSRelease="6.5.0-45-generic"
	OSVersion="#45~22.04.1-Ubuntu SMP PREEMPT_DYNAMIC Mon Jul 15 16:40:02 UTC 2"
	OSPlatform="x86_64"
	Is64Bits="1"
	VendorString="GenuineIntel"
	VendorID="Intel Corporation"
	FamilyID="6"
	ModelID="154"
	ProcessorCacheSize="12288"
	NumberOfLogicalCPU="12"
	NumberOfPhysicalCPU="10"
	TotalVirtualMemory="2047"
	TotalPhysicalMemory="15708"
	LogicalProcessorsPerPhysical="1"
	ProcessorClockFrequency="3649.69"
	>
	<Testing>
		<StartDateTime>Aug 08 14:06 -05</StartDateTime>
		<StartTestTime>1723144010</StartTestTime>
		<TestList/>
		<EndDateTime>Aug 08 14:06 -05</EndDateTime>
		<EndTestTime>1723144010</EndTestTime>
		<ElapsedMinutes>0</ElapsedMinutes>
	</Testing>
</Site>
